Build started 6/18/2015 5:07:53 PM.
     1>Project "C:\Users\penguinatr\Desktop\SerendipityGroup2\SerendipityGroup2\SerendipityGroup2\SerendipityGroup2.vcxproj" on node 2 (Build target(s)).
     1>ClCompile:
         C:\Program Files (x86)\Microsoft Visual Studio 12.0\VC\bin\CL.exe /c /ZI /nologo /W3 /WX- /sdl /Od /Oy- /D _MBCS /Gm /EHsc /RTC1 /MDd /GS /fp:precise /Zc:wchar_t /Zc:forScope /Fo"Debug\\" /Fd"Debug\vc120.pdb" /Gd /TP /analyze- /errorReport:prompt InventoryDatabase.cpp
         InventoryDatabase.cpp
     1>c:\users\penguinatr\desktop\serendipitygroup2\serendipitygroup2\serendipitygroup2\inventorydatabase.cpp(93): warning C4101: 'location' : unreferenced local variable
     1>c:\users\penguinatr\desktop\serendipitygroup2\serendipitygroup2\serendipitygroup2\inventorydatabase.cpp(138): warning C4244: 'argument' : conversion from 'time_t' to 'int', possible loss of data
     1>c:\users\penguinatr\desktop\serendipitygroup2\serendipitygroup2\serendipitygroup2\inventorydatabase.cpp(111): warning C4101: 'date' : unreferenced local variable
     1>c:\users\penguinatr\desktop\serendipitygroup2\serendipitygroup2\serendipitygroup2\inventorydatabase.cpp(149): warning C4101: 'date' : unreferenced local variable
       Link:
         C:\Program Files (x86)\Microsoft Visual Studio 12.0\VC\bin\link.exe /ERRORREPORT:PROMPT /OUT:"C:\Users\penguinatr\Desktop\SerendipityGroup2\SerendipityGroup2\Debug\SerendipityGroup2.exe" /INCREMENTAL /NOLOGO kernel32.lib user32.lib gdi32.lib winspool.lib comdlg32.lib advapi32.lib shell32.lib ole32.lib oleaut32.lib uuid.lib odbc32.lib odbccp32.lib /MANIFEST /MANIFESTUAC:"level='asInvoker' uiAccess='false'" /manifest:embed /DEBUG /PDB:"C:\Users\penguinatr\Desktop\SerendipityGroup2\SerendipityGroup2\Debug\SerendipityGroup2.pdb" /TLBID:1 /DYNAMICBASE /NXCOMPAT /IMPLIB:"C:\Users\penguinatr\Desktop\SerendipityGroup2\SerendipityGroup2\Debug\SerendipityGroup2.lib" /MACHINE:X86 Debug\Book.obj
         Debug\Cashier.obj
         Debug\InventoryBook.obj
         Debug\InventoryDatabase.obj
         Debug\main.obj
         Debug\Module.obj
         Debug\Report.obj
         SerendipityGroup2.vcxproj -> C:\Users\penguinatr\Desktop\SerendipityGroup2\SerendipityGroup2\Debug\SerendipityGroup2.exe
     1>Done Building Project "C:\Users\penguinatr\Desktop\SerendipityGroup2\SerendipityGroup2\SerendipityGroup2\SerendipityGroup2.vcxproj" (Build target(s)).

Build succeeded.

Time Elapsed 00:00:00.76
